<?xml version="1.0" encoding="UTF-8"?>
<!-- Generated by org.testng.reporters.JUnitXMLReporter -->
<testsuite ignored="12" hostname="DESKTOP-210LHAF" failures="0" tests="0" name="Test" time="1269.31" errors="0" timestamp="2025-07-01T17:11:26 IST">
  <testcase classname="base.ProjectSpecificationMethod" name="@BeforeSuite createReport" time="0.0">
    <ignored/>
  </testcase> <!-- @BeforeSuite createReport -->
  <testcase classname="base.ProjectSpecificationMethod" name="@BeforeSuite createReport" time="0.0">
    <ignored/>
  </testcase> <!-- @BeforeSuite createReport -->
  <testcase classname="base.ProjectSpecificationMethod" name="@AfterSuite closeReport" time="0.0">
    <ignored/>
  </testcase> <!-- @AfterSuite closeReport -->
  <testcase classname="base.ProjectSpecificationMethod" name="@BeforeSuite createReport" time="0.0">
    <ignored/>
  </testcase> <!-- @BeforeSuite createReport -->
  <testcase classname="base.ProjectSpecificationMethod" name="@AfterSuite closeReport" time="0.0">
    <ignored/>
  </testcase> <!-- @AfterSuite closeReport -->
  <testcase classname="base.ProjectSpecificationMethod" name="@AfterSuite closeReport" time="0.0">
    <ignored/>
  </testcase> <!-- @AfterSuite closeReport -->
  <testcase classname="base.ProjectSpecificationMethod" name="@BeforeSuite createReport" time="0.0">
    <ignored/>
  </testcase> <!-- @BeforeSuite createReport -->
  <testcase classname="base.ProjectSpecificationMethod" name="@BeforeSuite createReport" time="0.0">
    <ignored/>
  </testcase> <!-- @BeforeSuite createReport -->
  <testcase classname="base.ProjectSpecificationMethod" name="@AfterSuite closeReport" time="0.0">
    <ignored/>
  </testcase> <!-- @AfterSuite closeReport -->
  <testcase classname="base.ProjectSpecificationMethod" name="@BeforeSuite createReport" time="0.0">
    <ignored/>
  </testcase> <!-- @BeforeSuite createReport -->
  <testcase classname="base.ProjectSpecificationMethod" name="@AfterSuite closeReport" time="0.0">
    <ignored/>
  </testcase> <!-- @AfterSuite closeReport -->
  <testcase classname="base.ProjectSpecificationMethod" name="@AfterSuite closeReport" time="0.0">
    <ignored/>
  </testcase> <!-- @AfterSuite closeReport -->
</testsuite> <!-- Test -->
